d:\моё\3 семестр\курсовой проект\сourseproject\x64\debug\vc142.pdb
d:\моё\3 семестр\курсовой проект\сourseproject\x64\debug\vc142.idb
d:\моё\3 семестр\курсовой проект\сourseproject\x64\debug\underground_trans.obj
d:\моё\3 семестр\курсовой проект\сourseproject\x64\debug\underground_stops.obj
d:\моё\3 семестр\курсовой проект\сourseproject\x64\debug\transport.obj
d:\моё\3 семестр\курсовой проект\сourseproject\x64\debug\time.obj
d:\моё\3 семестр\курсовой проект\сourseproject\x64\debug\stops.obj
d:\моё\3 семестр\курсовой проект\сourseproject\x64\debug\main.obj
d:\моё\3 семестр\курсовой проект\сourseproject\x64\debug\interface.obj
d:\моё\3 семестр\курсовой проект\сourseproject\x64\debug\ground_trans.obj
d:\моё\3 семестр\курсовой проект\сourseproject\x64\debug\ground_stops.obj
d:\моё\3 семестр\курсовой проект\сourseproject\x64\debug\сourseproject.ilk
d:\моё\3 семестр\курсовой проект\сourseproject\x64\debug\сourseproject.exe
d:\моё\3 семестр\курсовой проект\сourseproject\x64\debug\сourseproject.pdb
d:\моё\универ\3 семестр\курсовой проект\сourseproject\x64\debug\ground_stops.obj
d:\моё\универ\3 семестр\курсовой проект\сourseproject\x64\debug\ground_trans.obj
d:\моё\универ\3 семестр\курсовой проект\сourseproject\x64\debug\interface.obj
d:\моё\универ\3 семестр\курсовой проект\сourseproject\x64\debug\main.obj
d:\моё\универ\3 семестр\курсовой проект\сourseproject\x64\debug\stops.obj
d:\моё\универ\3 семестр\курсовой проект\сourseproject\x64\debug\time.obj
d:\моё\универ\3 семестр\курсовой проект\сourseproject\x64\debug\transport.obj
d:\моё\универ\3 семестр\курсовой проект\сourseproject\x64\debug\underground_stops.obj
d:\моё\универ\3 семестр\курсовой проект\сourseproject\x64\debug\underground_trans.obj
d:\моё\универ\3 семестр\курсовой проект\сourseproject\x64\debug\сourseproject.ilk
d:\моё\универ\3 семестр\курсовой проект\сourseproject\x64\debug\vc142.idb
d:\моё\универ\3 семестр\курсовой проект\сourseproject\x64\debug\vc142.pdb
d:\моё\универ\3 семестр\курсовой проект\сourseproject\x64\debug\сourseproject.pdb
d:\моё\универ\3 семестр\курсовой проект\сourseproject\x64\debug\сourseproject.exe
d:\моё\универ\3 семестр\курсовой проект\сourseproject\x64\debug\сourseproject.tlog\cl.command.1.tlog
d:\моё\универ\3 семестр\курсовой проект\сourseproject\x64\debug\сourseproject.tlog\cl.read.1.tlog
d:\моё\универ\3 семестр\курсовой проект\сourseproject\x64\debug\сourseproject.tlog\cl.write.1.tlog
d:\моё\универ\3 семестр\курсовой проект\сourseproject\x64\debug\сourseproject.tlog\link.command.1.tlog
d:\моё\универ\3 семестр\курсовой проект\сourseproject\x64\debug\сourseproject.tlog\link.read.1.tlog
d:\моё\универ\3 семестр\курсовой проект\сourseproject\x64\debug\сourseproject.tlog\link.write.1.tlog
