  Ground_Stops.cpp
  Ground_Trans.cpp
D:\МОЁ\University\3rd term\КПиЯП Курсовой проект\СourseProject\Ground_Trans.cpp(222,22): warning C4267: =: преобразование из "size_t" в "int"; возможна потеря данных
D:\МОЁ\University\3rd term\КПиЯП Курсовой проект\СourseProject\Ground_Trans.cpp(229,21): warning C4267: =: преобразование из "size_t" в "int"; возможна потеря данных
D:\МОЁ\University\3rd term\КПиЯП Курсовой проект\СourseProject\Ground_Trans.cpp(306,30): warning C4267: аргумент: преобразование из "size_t" в "int"; возможна потеря данных
D:\МОЁ\University\3rd term\КПиЯП Курсовой проект\СourseProject\Ground_Trans.cpp(331,5): warning C4554: "&": проверьте приоритет операторов на ошибки; для уточнения приоритета используйте скобки
D:\МОЁ\University\3rd term\КПиЯП Курсовой проект\СourseProject\Ground_Trans.cpp(344,22): warning C4267: =: преобразование из "size_t" в "int"; возможна потеря данных
D:\МОЁ\University\3rd term\КПиЯП Курсовой проект\СourseProject\Ground_Trans.cpp(351,25): warning C4267: =: преобразование из "size_t" в "int"; возможна потеря данных
D:\МОЁ\University\3rd term\КПиЯП Курсовой проект\СourseProject\Ground_Trans.cpp(713,23): warning C4267: =: преобразование из "size_t" в "int"; возможна потеря данных
D:\МОЁ\University\3rd term\КПиЯП Курсовой проект\СourseProject\Ground_Trans.cpp(717,23): warning C4267: =: преобразование из "size_t" в "int"; возможна потеря данных
D:\МОЁ\University\3rd term\КПиЯП Курсовой проект\СourseProject\Ground_Trans.cpp(721,24): warning C4267: =: преобразование из "size_t" в "int"; возможна потеря данных
D:\МОЁ\University\3rd term\КПиЯП Курсовой проект\СourseProject\Ground_Trans.cpp(725,24): warning C4267: =: преобразование из "size_t" в "int"; возможна потеря данных
  Interface.cpp
  Main.cpp
  Stops.cpp
  Time.cpp
  Transport.cpp
D:\МОЁ\University\3rd term\КПиЯП Курсовой проект\СourseProject\Transport.cpp(46,20): warning C4267: =: преобразование из "size_t" в "int"; возможна потеря данных
  Underground_Stops.cpp
  Underground_Trans.cpp
  Создание кода...
  СourseProject.vcxproj -> D:\МОЁ\University\3rd term\КПиЯП Курсовой проект\СourseProject\x64\Debug\СourseProject.exe
